My server Id: 3
My server Id: 2
My server Id: 1
My server Id: 0
Got the following server configs: {[{0 localhost 8080} {1 localhost 8081} {2 localhost 8082} {3 localhost 8083}]}
Got the following server configs: {[{0 localhost 8080} {1 localhost 8081} {2 localhost 8082} {3 localhost 8083}]}
Got the following server configs: {[{0 localhost 8080} {1 localhost 8081} {2 localhost 8082} {3 localhost 8083}]}
Got the following server configs: {[{0 localhost 8080} {1 localhost 8081} {2 localhost 8082} {3 localhost 8083}]}
#######################################
#######################################
2
3
#######################################
#######################################
5
1
Sending data for 3
Sending data for 3
Sending data for 3
Sending data for 3
Sending data for 1
Sending data for 2
Sending data for 2
Sending data for 1
Sending data for 0
Sending data for 0
Sending data for 2
Sending data for 1
Starting tcp server on connHost: localhost, connPort: 8083
Sending data for 2
Starting tcp server on connHost: localhost, connPort: 8083
Starting tcp server on connHost: localhost, connPort: 8082
Starting tcp server on connHost: localhost, connPort: 8082
Starting tcp server on connHost: localhost, connPort: 8081
Starting tcp server on connHost: localhost, connPort: 8080
Sending data for 0
Starting tcp server on connHost: localhost, connPort: 8082
Sending data for 1
Starting tcp server on connHost: localhost, connPort: 8080
Starting tcp server on connHost: localhost, connPort: 8083
Starting tcp server on connHost: localhost, connPort: 8081
Starting tcp server on connHost: localhost, connPort: 8080
Starting tcp server on connHost: localhost, connPort: 8081
Starting tcp server on connHost: localhost, connPort: 8081
Starting tcp server on connHost: localhost, connPort: 8082
Sending data for 0
Starting tcp server on connHost: localhost, connPort: 8083
Starting tcp server on connHost: localhost, connPort: 8080
Error listening:  listen tcp 127.0.0.1:8080: bind: address already in use
Error listening:  listen tcp 127.0.0.1:8081: bind: address already in use
Error listening:  listen tcp 127.0.0.1:8080: bind: address already in use
Error listening:  listen tcp 127.0.0.1:8080: bind: address already in use
My server Id: 0
My server Id: 2
My server Id: 3
My server Id: 1
Got the following server configs: {[{0 localhost 8080} {1 localhost 8081} {2 localhost 8082} {3 localhost 8083}]}
Got the following server configs: {[{0 localhost 8080} {1 localhost 8081} {2 localhost 8082} {3 localhost 8083}]}
Got the following server configs: {[{0 localhost 8080} {1 localhost 8081} {2 localhost 8082} {3 localhost 8083}]}
Got the following server configs: {[{0 localhost 8080} {1 localhost 8081} {2 localhost 8082} {3 localhost 8083}]}
#######################################
5
#######################################
#######################################
1
2
#######################################
3
Sending data for 3
Sending data for 3
Sending data for 3
Sending data for 3
Sending data for 0
Sending data for 2
Sending data for 1
Sending data for 0
Sending data for 1
Starting tcp server on connHost: localhost, connPort: 8080
Starting tcp server on connHost: localhost, connPort: 8080
Starting tcp server on connHost: localhost, connPort: 8083
Sending data for 0
Starting tcp server on connHost: localhost, connPort: 8081
Starting tcp server on connHost: localhost, connPort: 8083
Starting tcp server on connHost: localhost, connPort: 8081
Starting tcp server on connHost: localhost, connPort: 8082
Starting tcp server on connHost: localhost, connPort: 8083
Sending data for 2
Sending data for 1
Sending data for 0
Starting tcp server on connHost: localhost, connPort: 8080
Starting tcp server on connHost: localhost, connPort: 8082
Starting tcp server on connHost: localhost, connPort: 8082
Starting tcp server on connHost: localhost, connPort: 8080
Starting tcp server on connHost: localhost, connPort: 8081
Sending data for 2
Starting tcp server on connHost: localhost, connPort: 8083
Sending data for 1
Starting tcp server on connHost: localhost, connPort: 8082
Sending data for 2
Starting tcp server on connHost: localhost, connPort: 8081
Error listening:  listen tcp 127.0.0.1:8083: bind: address already in use
Error listening:  listen tcp 127.0.0.1:8082: bind: address already in use
Error listening:  listen tcp 127.0.0.1:8083: bind: address already in use
Error listening:  listen tcp 127.0.0.1:8080: bind: address already in use
Error listening:  listen tcp 127.0.0.1:8083: bind: address already in use
Error listening:  listen tcp 127.0.0.1:8082: bind: address already in use
My server Id: 0
My server Id: 1
My server Id: 3
My server Id: 2
Got the following server configs: {[{0 localhost 8080} {1 localhost 8081} {2 localhost 8082} {3 localhost 8083}]}
Got the following server configs: {[{0 localhost 8080} {1 localhost 8081} {2 localhost 8082} {3 localhost 8083}]}
Got the following server configs: {[{0 localhost 8080} {1 localhost 8081} {2 localhost 8082} {3 localhost 8083}]}
Got the following server configs: {[{0 localhost 8080} {1 localhost 8081} {2 localhost 8082} {3 localhost 8083}]}
#######################################
2
#######################################
#######################################
1
3
#######################################
Starting tcp server on connHost: localhost, connPort: 8080
Starting tcp server on connHost: localhost, connPort: 8080
Starting tcp server on connHost: localhost, connPort: 8080
5
Starting tcp server on connHost: localhost, connPort: 8080
Error listening:  listen tcp 127.0.0.1:8080: bind: address already in use
Error listening:  listen tcp 127.0.0.1:8080: bind: address already in use
Error listening:  listen tcp 127.0.0.1:8080: bind: address already in use
Sending data for 0
Client 127.0.0.1:53678 connected.
handleConnection executed
data that I got 200 
here sent servuer 0 length 200 of data
Starting tcp server on connHost: localhost, connPort: 8081
Sending data for 1
here sent servuer 1 length 600 of data
Client 127.0.0.1:53682 connected.
handleConnection executed
data that I got 600 
Starting tcp server on connHost: localhost, connPort: 8082
Sending data for 2
here sent servuer 2 length 0 of data
Client 127.0.0.1:53684 connected.
handleConnection executed
Conn::Read: err EOF
My server Id: 3
My server Id: 1
My server Id: 2
My server Id: 0
Got the following server configs: {[{0 localhost 8080} {1 localhost 8081} {2 localhost 8082} {3 localhost 8083}]}
Got the following server configs: {[{0 localhost 8080} {1 localhost 8081} {2 localhost 8082} {3 localhost 8083}]}
Got the following server configs: {[{0 localhost 8080} {1 localhost 8081} {2 localhost 8082} {3 localhost 8083}]}
Got the following server configs: {[{0 localhost 8080} {1 localhost 8081} {2 localhost 8082} {3 localhost 8083}]}
#######################################
1
Starting tcp server on connHost: localhost, connPort: 8083
Starting tcp server on connHost: localhost, connPort: 8081
Starting tcp server on connHost: localhost, connPort: 8082
Starting tcp server on connHost: localhost, connPort: 8080
#######################################
2
#######################################
5
Starting tcp server on connHost: localhost, connPort: 8083
Starting tcp server on connHost: localhost, connPort: 8083
#######################################
Starting tcp server on connHost: localhost, connPort: 8081
Starting tcp server on connHost: localhost, connPort: 8081
3
Starting tcp server on connHost: localhost, connPort: 8080
Starting tcp server on connHost: localhost, connPort: 8082
Starting tcp server on connHost: localhost, connPort: 8083
Starting tcp server on connHost: localhost, connPort: 8082
Starting tcp server on connHost: localhost, connPort: 8080
Starting tcp server on connHost: localhost, connPort: 8082
Starting tcp server on connHost: localhost, connPort: 8080
Starting tcp server on connHost: localhost, connPort: 8081
Error listening:  listen tcp 127.0.0.1:8080: bind: address already in use
Error listening:  listen tcp 127.0.0.1:8081: bind: address already in use
Error listening:  listen tcp 127.0.0.1:8083: bind: address already in use
Error listening:  listen tcp 127.0.0.1:8083: bind: address already in use
Error listening:  listen tcp 127.0.0.1:8082: bind: address already in use
Error listening:  listen tcp 127.0.0.1:8083: bind: address already in use
My server Id: 0
My server Id: 1
My server Id: 3
My server Id: 2
Got the following server configs: {[{0 localhost 8080} {1 localhost 8081} {2 localhost 8082} {3 localhost 8083}]}
Got the following server configs: {[{0 localhost 8080} {1 localhost 8081} {2 localhost 8082} {3 localhost 8083}]}
Got the following server configs: {[{0 localhost 8080} {1 localhost 8081} {2 localhost 8082} {3 localhost 8083}]}
Got the following server configs: {[{0 localhost 8080} {1 localhost 8081} {2 localhost 8082} {3 localhost 8083}]}
#######################################
#######################################
#######################################
5
1
2
#######################################
Starting tcp server on connHost: localhost, connPort: 8083
3
Starting tcp server on connHost: localhost, connPort: 8083
Starting tcp server on connHost: localhost, connPort: 8083
Starting tcp server on connHost: localhost, connPort: 8083
Starting tcp server on connHost: localhost, connPort: 8082
Starting tcp server on connHost: localhost, connPort: 8080
Starting tcp server on connHost: localhost, connPort: 8082
Starting tcp server on connHost: localhost, connPort: 8081
Starting tcp server on connHost: localhost, connPort: 8081
Starting tcp server on connHost: localhost, connPort: 8080
Starting tcp server on connHost: localhost, connPort: 8081
Starting tcp server on connHost: localhost, connPort: 8081
Starting tcp server on connHost: localhost, connPort: 8082
Starting tcp server on connHost: localhost, connPort: 8080
Starting tcp server on connHost: localhost, connPort: 8080
Starting tcp server on connHost: localhost, connPort: 8082
Error listening:  listen tcp 127.0.0.1:8080: bind: address already in use
Error listening:  listen tcp 127.0.0.1:8082: bind: address already in use
Error listening:  listen tcp 127.0.0.1:8080: bind: address already in use
Error listening:  listen tcp 127.0.0.1:8083: bind: address already in use
Error listening:  listen tcp 127.0.0.1:8081: bind: address already in use
My server Id: 0
My server Id: 3
My server Id: 2
My server Id: 1
Got the following server configs: {[{0 localhost 8080} {1 localhost 8081} {2 localhost 8082} {3 localhost 8083}]}
Got the following server configs: {[{0 localhost 8080} {1 localhost 8081} {2 localhost 8082} {3 localhost 8083}]}
Got the following server configs: {[{0 localhost 8080} {1 localhost 8081} {2 localhost 8082} {3 localhost 8083}]}
Got the following server configs: {[{0 localhost 8080} {1 localhost 8081} {2 localhost 8082} {3 localhost 8083}]}
#######################################
#######################################
5
1
#######################################
#######################################
2
3
Starting tcp server on connHost: localhost, connPort: 8083
Starting tcp server on connHost: localhost, connPort: 8083
Starting tcp server on connHost: localhost, connPort: 8083
Starting tcp server on connHost: localhost, connPort: 8083
Starting tcp server on connHost: localhost, connPort: 8082
Starting tcp server on connHost: localhost, connPort: 8082
Starting tcp server on connHost: localhost, connPort: 8081
Starting tcp server on connHost: localhost, connPort: 8081
Starting tcp server on connHost: localhost, connPort: 8081
Starting tcp server on connHost: localhost, connPort: 8081
Starting tcp server on connHost: localhost, connPort: 8080
Starting tcp server on connHost: localhost, connPort: 8080
Starting tcp server on connHost: localhost, connPort: 8082
Starting tcp server on connHost: localhost, connPort: 8080
Starting tcp server on connHost: localhost, connPort: 8080
Starting tcp server on connHost: localhost, connPort: 8082
Error listening:  listen tcp 127.0.0.1:8080: bind: address already in use
Error listening:  listen tcp 127.0.0.1:8083: bind: address already in use
Error listening:  listen tcp 127.0.0.1:8082: bind: address already in use
Error listening:  listen tcp 127.0.0.1:8082: bind: address already in use
My server Id: 1
My server Id: 0
My server Id: 3
My server Id: 2
Got the following server configs: {[{0 localhost 8080} {1 localhost 8081} {2 localhost 8082} {3 localhost 8083}]}
Got the following server configs: {[{0 localhost 8080} {1 localhost 8081} {2 localhost 8082} {3 localhost 8083}]}
Got the following server configs: {[{0 localhost 8080} {1 localhost 8081} {2 localhost 8082} {3 localhost 8083}]}
#######################################
Got the following server configs: {[{0 localhost 8080} {1 localhost 8081} {2 localhost 8082} {3 localhost 8083}]}
3
#######################################
#######################################
1
2
#######################################
Starting tcp server on connHost: localhost, connPort: 8083
Starting tcp server on connHost: localhost, connPort: 8083
5
Starting tcp server on connHost: localhost, connPort: 8083
Starting tcp server on connHost: localhost, connPort: 8083
Starting tcp server on connHost: localhost, connPort: 8082
Starting tcp server on connHost: localhost, connPort: 8081
Starting tcp server on connHost: localhost, connPort: 8081
Starting tcp server on connHost: localhost, connPort: 8080
Starting tcp server on connHost: localhost, connPort: 8080
Starting tcp server on connHost: localhost, connPort: 8082
Starting tcp server on connHost: localhost, connPort: 8080
Starting tcp server on connHost: localhost, connPort: 8081
Starting tcp server on connHost: localhost, connPort: 8081
Starting tcp server on connHost: localhost, connPort: 8080
Starting tcp server on connHost: localhost, connPort: 8082
Starting tcp server on connHost: localhost, connPort: 8082
Error listening:  listen tcp 127.0.0.1:8082: bind: address already in use
Error listening:  listen tcp 127.0.0.1:8082: bind: address already in use
Error listening:  listen tcp 127.0.0.1:8083: bind: address already in use
Error listening:  listen tcp 127.0.0.1:8081: bind: address already in use
My server Id: 3
My server Id: 2
My server Id: 0
My server Id: 1
Got the following server configs: {[{0 localhost 8080} {1 localhost 8081} {2 localhost 8082} {3 localhost 8083}]}
Got the following server configs: {[{0 localhost 8080} {1 localhost 8081} {2 localhost 8082} {3 localhost 8083}]}
Got the following server configs: {[{0 localhost 8080} {1 localhost 8081} {2 localhost 8082} {3 localhost 8083}]}
#######################################
5
Got the following server configs: {[{0 localhost 8080} {1 localhost 8081} {2 localhost 8082} {3 localhost 8083}]}
#######################################
#######################################
3
Starting tcp server on connHost: localhost, connPort: 8083
2
#######################################
1
Starting tcp server on connHost: localhost, connPort: 8083
Starting tcp server on connHost: localhost, connPort: 8083
Starting tcp server on connHost: localhost, connPort: 8083
Starting tcp server on connHost: localhost, connPort: 8082
Starting tcp server on connHost: localhost, connPort: 8080
Starting tcp server on connHost: localhost, connPort: 8080
Starting tcp server on connHost: localhost, connPort: 8080
Starting tcp server on connHost: localhost, connPort: 8081
Starting tcp server on connHost: localhost, connPort: 8081
Starting tcp server on connHost: localhost, connPort: 8080
Starting tcp server on connHost: localhost, connPort: 8081
Starting tcp server on connHost: localhost, connPort: 8081
Starting tcp server on connHost: localhost, connPort: 8082
Starting tcp server on connHost: localhost, connPort: 8082
Starting tcp server on connHost: localhost, connPort: 8082
Error listening:  listen tcp 127.0.0.1:8082: bind: address already in use
Error listening:  listen tcp 127.0.0.1:8081: bind: address already in use
Error listening:  listen tcp 127.0.0.1:8081: bind: address already in use
Error listening:  listen tcp 127.0.0.1:8082: bind: address already in use
Error listening:  listen tcp 127.0.0.1:8080: bind: address already in use
Error listening:  listen tcp 127.0.0.1:8080: bind: address already in use
My server Id: 0
My server Id: 3
My server Id: 2
My server Id: 1
Got the following server configs: {[{0 localhost 8080} {1 localhost 8081} {2 localhost 8082} {3 localhost 8083}]}
Got the following server configs: {[{0 localhost 8080} {1 localhost 8081} {2 localhost 8082} {3 localhost 8083}]}
Got the following server configs: {[{0 localhost 8080} {1 localhost 8081} {2 localhost 8082} {3 localhost 8083}]}
Got the following server configs: {[{0 localhost 8080} {1 localhost 8081} {2 localhost 8082} {3 localhost 8083}]}
#######################################
5
#######################################
#######################################
2
3
Starting tcp server on connHost: localhost, connPort: 8083
Starting tcp server on connHost: localhost, connPort: 8083
Starting tcp server on connHost: localhost, connPort: 8083
#######################################
1
Starting tcp server on connHost: localhost, connPort: 8083
Starting tcp server on connHost: localhost, connPort: 8080
Starting tcp server on connHost: localhost, connPort: 8082
Starting tcp server on connHost: localhost, connPort: 8081
Starting tcp server on connHost: localhost, connPort: 8082
Starting tcp server on connHost: localhost, connPort: 8081
Starting tcp server on connHost: localhost, connPort: 8081
Starting tcp server on connHost: localhost, connPort: 8081
Starting tcp server on connHost: localhost, connPort: 8082
Starting tcp server on connHost: localhost, connPort: 8080
Starting tcp server on connHost: localhost, connPort: 8080
Starting tcp server on connHost: localhost, connPort: 8080
Starting tcp server on connHost: localhost, connPort: 8082
Error listening:  listen tcp 127.0.0.1:8080: bind: address already in use
Error listening:  listen tcp 127.0.0.1:8081: bind: address already in use
Error listening:  listen tcp 127.0.0.1:8082: bind: address already in use
Error listening:  listen tcp 127.0.0.1:8082: bind: address already in use
Error listening:  listen tcp 127.0.0.1:8083: bind: address already in use
Sending data for 3
Sending data for 1
Sending data for 0
Sending data for 2
Client 127.0.0.1:53954 connected.
handleConnection executed
Client 127.0.0.1:53953 connected.
handleConnection executed
Client 127.0.0.1:53955 connected.
handleConnection executed
data that I got 4000 
data that I got 4000 
data that I got 400 
Client 127.0.0.1:53956 connected.
handleConnection executed
data that I got 1500 
data that I got 4000 
final output : 500panic: send on closed channel

goroutine 71 [running]:
main.handleConnection({0x102f704e8, 0x140002a6010}, 0x0?, 0x0?)
	/Users/jongminkim/Desktop/UCSD/CSE 124/PA/PA2 Distributed Sort/src/netsort.go:127 +0xfc
created by main.listenForData
	/Users/jongminkim/Desktop/UCSD/CSE 124/PA/PA2 Distributed Sort/src/netsort.go:90 +0x1fc
My server Id: 2
My server Id: 3
My server Id: 0
My server Id: 1
Got the following server configs: {[{0 localhost 8080} {1 localhost 8081} {2 localhost 8082} {3 localhost 8083}]}
Got the following server configs: {[{0 localhost 8080} {1 localhost 8081} {2 localhost 8082} {3 localhost 8083}]}
Got the following server configs: {[{0 localhost 8080} {1 localhost 8081} {2 localhost 8082} {3 localhost 8083}]}
Got the following server configs: {[{0 localhost 8080} {1 localhost 8081} {2 localhost 8082} {3 localhost 8083}]}
#######################################
#######################################
5
1
Starting tcp server on connHost: localhost, connPort: 8083
Starting tcp server on connHost: localhost, connPort: 8083
#######################################
Starting tcp server on connHost: localhost, connPort: 8080
2
Starting tcp server on connHost: localhost, connPort: 8081
Starting tcp server on connHost: localhost, connPort: 8081
Starting tcp server on connHost: localhost, connPort: 8080
#######################################
Starting tcp server on connHost: localhost, connPort: 8083
3
Starting tcp server on connHost: localhost, connPort: 8081
Starting tcp server on connHost: localhost, connPort: 8083
Starting tcp server on connHost: localhost, connPort: 8082
Starting tcp server on connHost: localhost, connPort: 8082
Starting tcp server on connHost: localhost, connPort: 8082
Starting tcp server on connHost: localhost, connPort: 8080
Starting tcp server on connHost: localhost, connPort: 8081
Starting tcp server on connHost: localhost, connPort: 8082
Starting tcp server on connHost: localhost, connPort: 8080
Error listening:  listen tcp 127.0.0.1:8081: bind: address already in use
Error listening:  listen tcp 127.0.0.1:8081: bind: address already in use
Error listening:  listen tcp 127.0.0.1:8083: bind: address already in use
Error listening:  listen tcp 127.0.0.1:8082: bind: address already in use
My server Id: 2
My server Id: 1
My server Id: 0
My server Id: 3
Got the following server configs: {[{0 localhost 8080} {1 localhost 8081} {2 localhost 8082} {3 localhost 8083}]}
Got the following server configs: {[{0 localhost 8080} {1 localhost 8081} {2 localhost 8082} {3 localhost 8083}]}
Got the following server configs: {[{0 localhost 8080} {1 localhost 8081} {2 localhost 8082} {3 localhost 8083}]}
#######################################
1
#######################################
Got the following server configs: {[{0 localhost 8080} {1 localhost 8081} {2 localhost 8082} {3 localhost 8083}]}
5
#######################################
3
Starting tcp server on connHost: localhost, connPort: 8083
Starting tcp server on connHost: localhost, connPort: 8083
#######################################
2
Starting tcp server on connHost: localhost, connPort: 8083
Starting tcp server on connHost: localhost, connPort: 8080
Starting tcp server on connHost: localhost, connPort: 8081
Starting tcp server on connHost: localhost, connPort: 8083
Starting tcp server on connHost: localhost, connPort: 8082
Starting tcp server on connHost: localhost, connPort: 8080
Starting tcp server on connHost: localhost, connPort: 8082
Starting tcp server on connHost: localhost, connPort: 8081
Starting tcp server on connHost: localhost, connPort: 8081
Starting tcp server on connHost: localhost, connPort: 8080
Starting tcp server on connHost: localhost, connPort: 8081
Starting tcp server on connHost: localhost, connPort: 8082
Starting tcp server on connHost: localhost, connPort: 8082
Starting tcp server on connHost: localhost, connPort: 8080
Error listening:  listen tcp 127.0.0.1:8082: bind: address already in use
Error listening:  listen tcp 127.0.0.1:8082: bind: address already in use
Error listening:  listen tcp 127.0.0.1:8080: bind: address already in use
Error listening:  listen tcp 127.0.0.1:8083: bind: address already in use
Sending data for 3
Sending data for 1
Sending data for 2
Sending data for 0
Client 127.0.0.1:54165 connected.
handleConnection executed
Client 127.0.0.1:54164 connected.
Client 127.0.0.1:54166 connected.
handleConnection executed
handleConnection executed
Client 127.0.0.1:54167 connected.
handleConnection executed
panic: open testcases/testcase1/output-1.dat: permission denied

goroutine 1 [running]:
main.errorCheck(...)
	/Users/jongminkim/Desktop/UCSD/CSE 124/PA/PA2 Distributed Sort/src/netsort.go:40
main.consolidateServerData({0x14000224000?, 0x14000145e28?, 0x1?}, 0x1?, 0x4)
	/Users/jongminkim/Desktop/UCSD/CSE 124/PA/PA2 Distributed Sort/src/netsort.go:151 +0x154
main.main()
	/Users/jongminkim/Desktop/UCSD/CSE 124/PA/PA2 Distributed Sort/src/netsort.go:239 +0x8fc
My server Id: 3
My server Id: 0
My server Id: 1
My server Id: 2
Got the following server configs: {[{0 localhost 8080} {1 localhost 8081} {2 localhost 8082} {3 localhost 8083}]}
Got the following server configs: {[{0 localhost 8080} {1 localhost 8081} {2 localhost 8082} {3 localhost 8083}]}
Got the following server configs: {[{0 localhost 8080} {1 localhost 8081} {2 localhost 8082} {3 localhost 8083}]}
#######################################
#######################################
5
1
Got the following server configs: {[{0 localhost 8080} {1 localhost 8081} {2 localhost 8082} {3 localhost 8083}]}
#######################################
2
Starting tcp server on connHost: localhost, connPort: 8083
Starting tcp server on connHost: localhost, connPort: 8083
#######################################
Starting tcp server on connHost: localhost, connPort: 8083
3
Starting tcp server on connHost: localhost, connPort: 8082
Starting tcp server on connHost: localhost, connPort: 8083
Starting tcp server on connHost: localhost, connPort: 8081
Starting tcp server on connHost: localhost, connPort: 8081
Starting tcp server on connHost: localhost, connPort: 8082
Starting tcp server on connHost: localhost, connPort: 8080
Starting tcp server on connHost: localhost, connPort: 8081
Starting tcp server on connHost: localhost, connPort: 8080
Starting tcp server on connHost: localhost, connPort: 8082
Starting tcp server on connHost: localhost, connPort: 8082
Starting tcp server on connHost: localhost, connPort: 8080
Starting tcp server on connHost: localhost, connPort: 8080
Starting tcp server on connHost: localhost, connPort: 8081
Error listening:  listen tcp 127.0.0.1:8080: bind: address already in use
Error listening:  listen tcp 127.0.0.1:8083: bind: address already in use
Error listening:  listen tcp 127.0.0.1:8082: bind: address already in use
Error listening:  listen tcp 127.0.0.1:8083: bind: address already in use
My server Id: 0
My server Id: 3
My server Id: 1
My server Id: 2
Got the following server configs: {[{0 localhost 8080} {1 localhost 8081} {2 localhost 8082} {3 localhost 8083}]}
Got the following server configs: {[{0 localhost 8080} {1 localhost 8081} {2 localhost 8082} {3 localhost 8083}]}
Got the following server configs: {[{0 localhost 8080} {1 localhost 8081} {2 localhost 8082} {3 localhost 8083}]}
Got the following server configs: {[{0 localhost 8080} {1 localhost 8081} {2 localhost 8082} {3 localhost 8083}]}
#######################################
#######################################
#######################################
#######################################
1
3
5
2
Starting tcp server on connHost: localhost, connPort: 8083
Starting tcp server on connHost: localhost, connPort: 8083
Starting tcp server on connHost: localhost, connPort: 8083
Starting tcp server on connHost: localhost, connPort: 8083
Starting tcp server on connHost: localhost, connPort: 8082
Starting tcp server on connHost: localhost, connPort: 8082
Starting tcp server on connHost: localhost, connPort: 8081
Starting tcp server on connHost: localhost, connPort: 8080
Starting tcp server on connHost: localhost, connPort: 8080
Starting tcp server on connHost: localhost, connPort: 8081
Starting tcp server on connHost: localhost, connPort: 8080
Starting tcp server on connHost: localhost, connPort: 8080
Starting tcp server on connHost: localhost, connPort: 8081
Starting tcp server on connHost: localhost, connPort: 8082
Starting tcp server on connHost: localhost, connPort: 8082
Starting tcp server on connHost: localhost, connPort: 8081
Error listening:  listen tcp 127.0.0.1:8080: bind: address already in use
Error listening:  listen tcp 127.0.0.1:8080: bind: address already in use
Error listening:  listen tcp 127.0.0.1:8083: bind: address already in use
Error listening:  listen tcp 127.0.0.1:8081: bind: address already in use
My server Id: 3
My server Id: 2
My server Id: 0
My server Id: 1
Got the following server configs: {[{0 localhost 8080} {1 localhost 8081} {2 localhost 8082} {3 localhost 8083}]}
Got the following server configs: {[{0 localhost 8080} {1 localhost 8081} {2 localhost 8082} {3 localhost 8083}]}
Got the following server configs: {[{0 localhost 8080} {1 localhost 8081} {2 localhost 8082} {3 localhost 8083}]}
Got the following server configs: {[{0 localhost 8080} {1 localhost 8081} {2 localhost 8082} {3 localhost 8083}]}
#######################################
#######################################
2
3
#######################################
#######################################
1
5
Starting tcp server on connHost: localhost, connPort: 8083
Starting tcp server on connHost: localhost, connPort: 8082
Starting tcp server on connHost: localhost, connPort: 8080
Starting tcp server on connHost: localhost, connPort: 8081
Sending data for 0
Sending data for 0
Sending data for 0
Sending data for 0
Client 127.0.0.1:54656 connected.
Client 127.0.0.1:54657 connected.
handleConnection executed
handleConnection executed
Client 127.0.0.1:54658 connected.
handleConnection executed
Client 127.0.0.1:54659 connected.
handleConnection executed
Sending data for 1
Sending data for 1
Sending data for 1
Sending data for 1
Client 127.0.0.1:54660 connected.
Client 127.0.0.1:54661 connected.
Client 127.0.0.1:54662 connected.
handleConnection executed
handleConnection executed
handleConnection executed
Client 127.0.0.1:54663 connected.
handleConnection executed
Sending data for 2
Sending data for 2
Sending data for 2
Client 127.0.0.1:54664 connected.
Client 127.0.0.1:54665 connected.
handleConnection executed
handleConnection executed
Sending data for 2
Client 127.0.0.1:54666 connected.
handleConnection executed
Client 127.0.0.1:54667 connected.
handleConnection executed
Sending data for 3
Sending data for 3
Client 127.0.0.1:54668 connected.
handleConnection executed
Client 127.0.0.1:54669 connected.
handleConnection executed
Sending data for 3
Sending data for 3
Client 127.0.0.1:54670 connected.
Client 127.0.0.1:54671 connected.
handleConnection executed
handleConnection executed
panic: panic: open testcases/testcase1/output-2.dat: permission deniedopen testcases/testcase1/output-3.dat: permission denied



goroutine goroutine 11 [ [runningrunning]:
]:
main.errorCheck(...)
	main.errorCheck/Users/jongminkim/Desktop/UCSD/CSE 124/PA/PA2 Distributed Sort/src/netsort.go(...)
:40	/Users/jongminkim/Desktop/UCSD/CSE 124/PA/PA2 Distributed Sort/src/netsort.go
:main.consolidateServerData40(
{main.consolidateServerData0x140000f61c0(?{, 0x140000ae0e00x140000cde20??, , 0x14000123e200x2??, }0x3, ?0x1}?, , 0x10x4?)
, 	0x4/Users/jongminkim/Desktop/UCSD/CSE 124/PA/PA2 Distributed Sort/src/netsort.go)
:	149/Users/jongminkim/Desktop/UCSD/CSE 124/PA/PA2 Distributed Sort/src/netsort.go +:0x154149
 +main.main0x154(
)
main.main	(/Users/jongminkim/Desktop/UCSD/CSE 124/PA/PA2 Distributed Sort/src/netsort.go)
:	234/Users/jongminkim/Desktop/UCSD/CSE 124/PA/PA2 Distributed Sort/src/netsort.go: +2340x828 +
0x828
panic: open testcases/testcase1/output-0.dat: permission denied

goroutine 1 [running]:
main.errorCheck(...)
	/Users/jongminkim/Desktop/UCSD/CSE 124/PA/PA2 Distributed Sort/src/netsort.go:40
main.consolidateServerData({0x14000288150?, 0x14000125e20?, 0x0?}, 0x1?, 0x4)
	/Users/jongminkim/Desktop/UCSD/CSE 124/PA/PA2 Distributed Sort/src/netsort.go:149 +0x154
main.main()
	/Users/jongminkim/Desktop/UCSD/CSE 124/PA/PA2 Distributed Sort/src/netsort.go:234 +0x828
panic: write tcp 127.0.0.1:54670->127.0.0.1:8083: write: broken pipe

goroutine 20 [running]:
main.errorCheck(...)
	/Users/jongminkim/Desktop/UCSD/CSE 124/PA/PA2 Distributed Sort/src/netsort.go:40
main.sendData({0x1400000e240, 0x1, 0x0?}, {0x1400001a8e0, 0x9}, {0x1400001a8f0, 0x4}, 0x0?)
	/Users/jongminkim/Desktop/UCSD/CSE 124/PA/PA2 Distributed Sort/src/netsort.go:108 +0x234
created by main.main
	/Users/jongminkim/Desktop/UCSD/CSE 124/PA/PA2 Distributed Sort/src/netsort.go:223 +0x5cc
panic: send on closed channel

goroutine 12 [running]:
main.handleConnection({0x102a20428, 0x14000010038}, 0x1400004279e?, 0x140000427b0?)
	/Users/jongminkim/Desktop/UCSD/CSE 124/PA/PA2 Distributed Sort/src/netsort.go:124 +0xac
created by main.listenForData
	/Users/jongminkim/Desktop/UCSD/CSE 124/PA/PA2 Distributed Sort/src/netsort.go:89 +0x1fc
panic: send on closed channel

goroutine 34 [running]:
main.handleConnection({0x102a20428, 0x14000186000}, 0x0?, 0x0?)
	/Users/jongminkim/Desktop/UCSD/CSE 124/PA/PA2 Distributed Sort/src/netsort.go:124 +0xac
created by main.listenForData
	/Users/jongminkim/Desktop/UCSD/CSE 124/PA/PA2 Distributed Sort/src/netsort.go:89 +0x1fc
My server Id: 0
My server Id: 1
My server Id: 3
My server Id: 2
Got the following server configs: {[{0 localhost 8080} {1 localhost 8081} {2 localhost 8082} {3 localhost 8083}]}
Got the following server configs: {[{0 localhost 8080} {1 localhost 8081} {2 localhost 8082} {3 localhost 8083}]}
Got the following server configs: {[{0 localhost 8080} {1 localhost 8081} {2 localhost 8082} {3 localhost 8083}]}
#######################################
5
#######################################
Got the following server configs: {[{0 localhost 8080} {1 localhost 8081} {2 localhost 8082} {3 localhost 8083}]}
Starting tcp server on connHost: localhost, connPort: 8081
1
#######################################
2
Starting tcp server on connHost: localhost, connPort: 8080
#######################################
Starting tcp server on connHost: localhost, connPort: 8083
3
Starting tcp server on connHost: localhost, connPort: 8082
Sending data for 0
Sending data for 0
Sending data for 0
Client 127.0.0.1:55559 connected.
Client 127.0.0.1:55560 connected.
Client 127.0.0.1:55561 connected.
handleConnection executed
handleConnection executed
handleConnection executed
Sending data for 1
Sending data for 1
Sending data for 1
Client 127.0.0.1:55562 connected.
handleConnection executed
Client 127.0.0.1:55563 connected.
handleConnection executed
Client 127.0.0.1:55564 connected.
handleConnection executed
Sending data for 2
Sending data for 2
Sending data for 2
Client 127.0.0.1:55565 connected.
Client 127.0.0.1:55566 connected.
handleConnection executed
Client 127.0.0.1:55567 connected.
handleConnection executed
handleConnection executed
Sending data for 3
Sending data for 3
Sending data for 3
Client 127.0.0.1:55569 connected.
handleConnection executed
Client 127.0.0.1:55568 connected.
handleConnection executed
Client 127.0.0.1:55570 connected.
handleConnection executed
final output : 1000final output : 600final output : 1700final output : 700My server Id: 3
My server Id: 2
My server Id: 0
My server Id: 1
Got the following server configs: {[{0 localhost 8080} {1 localhost 8081} {2 localhost 8082} {3 localhost 8083}]}
Got the following server configs: {[{0 localhost 8080} {1 localhost 8081} {2 localhost 8082} {3 localhost 8083}]}
Got the following server configs: {[{0 localhost 8080} {1 localhost 8081} {2 localhost 8082} {3 localhost 8083}]}
#######################################
2
#######################################
Got the following server configs: {[{0 localhost 8080} {1 localhost 8081} {2 localhost 8082} {3 localhost 8083}]}
#######################################
Starting tcp server on connHost: localhost, connPort: 8083
3
1
#######################################
Starting tcp server on connHost: localhost, connPort: 8080
Starting tcp server on connHost: localhost, connPort: 8082
5
Starting tcp server on connHost: localhost, connPort: 8081
Sending data for 0
Sending data for 0
Sending data for 0
Client 127.0.0.1:55593 connected.
handleConnection executed
Client 127.0.0.1:55594 connected.
handleConnection executed
Client 127.0.0.1:55595 connected.
handleConnection executed
Sending data for 1
Sending data for 1
Client 127.0.0.1:55596 connected.
handleConnection executed
Client 127.0.0.1:55597 connected.
handleConnection executed
Sending data for 1
Client 127.0.0.1:55598 connected.
handleConnection executed
Sending data for 2
Sending data for 2
Client 127.0.0.1:55599 connected.
Client 127.0.0.1:55600 connected.
handleConnection executed
handleConnection executed
Sending data for 2
Client 127.0.0.1:55601 connected.
handleConnection executed
Sending data for 3
Sending data for 3
Client 127.0.0.1:55602 connected.
Client 127.0.0.1:55603 connected.
handleConnection executed
handleConnection executed
Sending data for 3
Client 127.0.0.1:55604 connected.
handleConnection executed
final output : 700final output : 1700final output : 1000panic: write tcp 127.0.0.1:55604->127.0.0.1:8083: write: broken pipe

goroutine 22 [running]:
main.errorCheck(...)
	/Users/jongminkim/Desktop/UCSD/CSE 124/PA/PA2 Distributed Sort/src/netsort.go:40
main.sendData({0x14000114d20, 0x2, 0x0?}, {0x14000124860, 0x9}, {0x14000124870, 0x4}, 0x0?)
	/Users/jongminkim/Desktop/UCSD/CSE 124/PA/PA2 Distributed Sort/src/netsort.go:109 +0x234
created by main.main
	/Users/jongminkim/Desktop/UCSD/CSE 124/PA/PA2 Distributed Sort/src/netsort.go:224 +0x6ec
panic: write tcp 127.0.0.1:55598->127.0.0.1:8081: write: broken pipe

goroutine 8 [running]:
main.errorCheck(...)
	/Users/jongminkim/Desktop/UCSD/CSE 124/PA/PA2 Distributed Sort/src/netsort.go:40
main.sendData({0x14000114d50, 0x2, 0x0?}, {0x14000124800, 0x9}, {0x14000124810, 0x4}, 0x0?)
	/Users/jongminkim/Desktop/UCSD/CSE 124/PA/PA2 Distributed Sort/src/netsort.go:109 +0x234
created by main.main
	/Users/jongminkim/Desktop/UCSD/CSE 124/PA/PA2 Distributed Sort/src/netsort.go:224 +0x6ec
My server Id: 1
My server Id: 0
My server Id: 2
My server Id: 3
Got the following server configs: {[{0 localhost 8080} {1 localhost 8081} {2 localhost 8082} {3 localhost 8083}]}
Got the following server configs: {[{0 localhost 8080} {1 localhost 8081} {2 localhost 8082} {3 localhost 8083}]}
Got the following server configs: {[{0 localhost 8080} {1 localhost 8081} {2 localhost 8082} {3 localhost 8083}]}
#######################################
5
Got the following server configs: {[{0 localhost 8080} {1 localhost 8081} {2 localhost 8082} {3 localhost 8083}]}
#######################################
2
#######################################
1
Starting tcp server on connHost: localhost, connPort: 8083
Starting tcp server on connHost: localhost, connPort: 8081
Starting tcp server on connHost: localhost, connPort: 8080
#######################################
3
Starting tcp server on connHost: localhost, connPort: 8082
Sending data for 0
Sending data for 0
Sending data for 0
Client 127.0.0.1:55683 connected.
handleConnection executed
Client 127.0.0.1:55684 connected.
handleConnection executed
Client 127.0.0.1:55685 connected.
handleConnection executed
Sending data for 1
Sending data for 1
Sending data for 1
Client 127.0.0.1:55686 connected.
Client 127.0.0.1:55687 connected.
handleConnection executed
handleConnection executed
Client 127.0.0.1:55688 connected.
handleConnection executed
Sending data for 2
Sending data for 2
Sending data for 2
Client 127.0.0.1:55689 connected.
handleConnection executed
Client 127.0.0.1:55691 connected.
handleConnection executed
Client 127.0.0.1:55690 connected.
handleConnection executed
Sending data for 3
Sending data for 3
Sending data for 3
Client 127.0.0.1:55693 connected.
Client 127.0.0.1:55692 connected.
handleConnection executed
Client 127.0.0.1:55694 connected.
handleConnection executed
handleConnection executed
final output : 1700final output : 600final output : 1000final output : 700